WARNING: 2024/12/06 15:54:37 log.go:44: Login attempt with non-existent email: mike@gmail.com
INFO: 2024/12/06 15:54:54 log.go:39: Successful login for user: joe@gmail.com
WARNING: 2024/12/06 15:55:15 log.go:44: Login attempt with non-existent email: kerry@gmail.com
WARNING: 2024/12/06 15:55:22 log.go:44: Login attempt with non-existent email: stella@gmail.com
WARNING: 2024/12/06 15:55:28 log.go:44: Login attempt with non-existent email: ted@gmail.com
WARNING: 2024/12/06 15:56:54 log.go:44: Login attempt with non-existent email: s.athooh@gmail.com
INFO: 2024/12/06 15:57:35 log.go:39: Successfully fetched all products
INFO: 2024/12/06 15:57:38 log.go:39: Successfully fetched all products
WARNING: 2024/12/06 16:09:55 log.go:44: Login attempt with non-existent email: s.athooh@gmail.com
INFO: 2024/12/06 16:10:10 log.go:39: Successfully registered new user: s.athooh@gmail.com
ERROR: 2024/12/06 16:10:30 log.go:49: Database error checking email existence: invalid connection
INFO: 2024/12/06 16:10:58 log.go:39: Successful login for user: s.athooh@gmail.com
INFO: 2024/12/06 16:11:39 log.go:39: Successfully fetched all products
INFO: 2024/12/06 16:11:41 log.go:39: Successfully fetched all products
INFO: 2024/12/06 16:15:36 log.go:39: Successfully registered new user: stella@gmail.com
INFO: 2024/12/06 16:22:54 log.go:39: Successful login for user: stella@gmail.com
INFO: 2024/12/06 16:23:18 log.go:39: Successfully registered new user: ted@gmail.com
ERROR: 2024/12/06 16:23:45 log.go:49: Database error checking email existence: invalid connection
INFO: 2024/12/06 16:23:46 log.go:39: Successfully fetched all products
INFO: 2024/12/06 16:23:49 log.go:39: Successfully fetched all products
ERROR: 2024/12/06 16:24:09 log.go:49: Database error during login: invalid connection
INFO: 2024/12/06 16:24:41 log.go:39: Successful login for user: s.athooh@gmail.com
WARNING: 2024/12/06 16:49:31 log.go:44: Login attempt with non-existent email: s.athooh@gmail.com
INFO: 2024/12/06 16:49:53 log.go:39: Successfully fetched all products
INFO: 2024/12/06 16:49:53 log.go:39: Successfully fetched all products
INFO: 2024/12/06 18:00:48 log.go:39: Successful login for user: s.athooh@gmail.com
INFO: 2024/12/06 18:01:07 log.go:39: Successfully fetched all products
INFO: 2024/12/06 18:01:18 log.go:39: Successfully fetched all products
INFO: 2024/12/06 18:01:33 log.go:39: Successfully fetched all products
INFO: 2024/12/06 18:01:35 log.go:39: Successfully fetched all products
INFO: 2024/12/06 18:02:08 log.go:39: Successfully fetched all products
INFO: 2024/12/06 18:02:11 log.go:39: Successfully fetched all products
INFO: 2024/12/06 18:14:15 log.go:39: Successful login for user: s.athooh@gmail.com
INFO: 2024/12/06 18:14:19 log.go:39: Successfully fetched all products
INFO: 2024/12/06 18:14:21 log.go:39: Successfully fetched all products
INFO: 2024/12/06 18:28:21 log.go:39: Successful login for user: s.athooh@gmail.com
INFO: 2024/12/06 18:28:28 log.go:39: Successfully fetched all products
INFO: 2024/12/06 18:28:30 log.go:39: Successfully fetched all products
INFO: 2024/12/06 18:29:03 log.go:39: Successfully fetched all products
INFO: 2024/12/06 18:29:05 log.go:39: Successfully fetched all products
INFO: 2024/12/06 18:29:13 log.go:39: Successfully fetched all products
INFO: 2024/12/06 18:29:14 log.go:39: Successfully fetched all products
INFO: 2024/12/06 18:29:29 log.go:39: Successfully fetched all products
INFO: 2024/12/06 18:29:31 log.go:39: Successfully fetched all products
INFO: 2024/12/06 18:49:01 log.go:39: Successfully fetched all products
INFO: 2024/12/06 18:49:03 log.go:39: Successfully fetched all products
INFO: 2024/12/06 18:51:49 log.go:39: Successfully fetched all products
INFO: 2024/12/06 18:51:51 log.go:39: Successfully fetched all products
INFO: 2024/12/06 18:51:58 log.go:39: Successfully fetched all products
INFO: 2024/12/06 18:52:00 log.go:39: Successfully fetched all products
INFO: 2024/12/06 18:54:20 log.go:39: Successful login for user: s.athooh@gmail.com
INFO: 2024/12/06 18:54:27 log.go:39: Successfully fetched all products
INFO: 2024/12/06 18:54:29 log.go:39: Successfully fetched all products
INFO: 2024/12/06 19:05:33 log.go:39: Successful login for user: s.athooh@gmail.com
INFO: 2024/12/06 19:06:03 log.go:39: Successfully fetched all products
INFO: 2024/12/06 19:06:05 log.go:39: Successfully fetched all products
INFO: 2024/12/06 19:47:02 log.go:39: Successfully registered new user: cliff@gmail.com
INFO: 2024/12/06 19:47:44 log.go:39: Successfully fetched all products
INFO: 2024/12/06 19:47:53 log.go:39: Successfully fetched all products
INFO: 2024/12/06 19:48:42 log.go:39: Successfully fetched all products
INFO: 2024/12/06 19:48:44 log.go:39: Successfully fetched all products
INFO: 2024/12/06 19:58:04 log.go:39: Successfully fetched all products
INFO: 2024/12/06 19:58:06 log.go:39: Successfully fetched all products
INFO: 2024/12/06 20:34:37 log.go:39: Successfully fetched all products
INFO: 2024/12/06 20:37:48 log.go:39: Successfully fetched all products
INFO: 2024/12/06 20:37:50 log.go:39: Successfully fetched all products
INFO: 2024/12/06 20:44:39 log.go:39: Successful login for user: cliff@gmail.com
INFO: 2024/12/06 20:45:28 log.go:39: Successfully fetched all products
INFO: 2024/12/06 20:45:31 log.go:39: Successfully fetched all products
INFO: 2024/12/06 20:49:40 log.go:39: Successfully fetched all products
INFO: 2024/12/06 20:49:42 log.go:39: Successfully fetched all products
INFO: 2024/12/06 20:50:23 log.go:39: Successfully fetched all products
INFO: 2024/12/06 20:50:25 log.go:39: Successfully fetched all products
INFO: 2024/12/06 20:51:42 log.go:39: Successfully fetched all products
INFO: 2024/12/06 20:51:44 log.go:39: Successfully fetched all products
INFO: 2024/12/06 20:57:13 log.go:39: Successful login for user: cliff@gmail.com
INFO: 2024/12/06 20:57:43 log.go:39: Successfully fetched all products
INFO: 2024/12/06 20:57:45 log.go:39: Successfully fetched all products
INFO: 2024/12/06 21:04:54 log.go:39: Successfully fetched all products
INFO: 2024/12/06 21:04:57 log.go:39: Successfully fetched all products
INFO: 2024/12/06 21:20:26 log.go:39: Successfully fetched all products
INFO: 2024/12/06 21:20:27 log.go:39: Successfully fetched all products
INFO: 2024/12/06 21:21:22 log.go:39: Successful login for user: cliff@gmail.com
INFO: 2024/12/06 21:27:12 log.go:39: Successful login for user: cliff@gmail.com
INFO: 2024/12/06 21:30:21 log.go:39: Successful login for user: cliff@gmail.com
WARNING: 2024/12/06 21:34:48 log.go:44: Registration attempt with existing email: s.athooh@gmail.com
INFO: 2024/12/06 21:35:03 log.go:39: Successful login for user: s.athooh@gmail.com
INFO: 2024/12/06 21:35:34 log.go:39: Successfully fetched all products
INFO: 2024/12/06 21:35:36 log.go:39: Successfully fetched all products
INFO: 2024/12/06 21:36:45 log.go:39: Successfully fetched all products
INFO: 2024/12/06 21:36:47 log.go:39: Successfully fetched all products
