WARNING: 2024/12/07 01:39:14 log.go:44: Registration attempt with existing email: s.athooh@gmail.com
WARNING: 2024/12/07 01:39:30 log.go:44: Registration attempt with existing email: cliff@gmail.com
INFO: 2024/12/07 01:39:43 log.go:39: Successful login for user: cliff@gmail.com
INFO: 2024/12/07 01:39:51 log.go:39: Successfully fetched all products
INFO: 2024/12/07 01:39:54 log.go:39: Successfully fetched all products
INFO: 2024/12/07 01:40:08 log.go:39: Successfully fetched sales history
INFO: 2024/12/07 01:40:08 log.go:39: Successfully fetched sales history
INFO: 2024/12/07 01:40:17 log.go:39: Searching products with query: b
INFO: 2024/12/07 01:40:22 log.go:39: Searching products with query: boo
INFO: 2024/12/07 01:40:23 log.go:39: Searching products with query: book
INFO: 2024/12/07 01:40:39 log.go:39: Searching products with query: mil
INFO: 2024/12/07 01:40:42 log.go:39: Searching products with query: m
INFO: 2024/12/07 01:40:45 log.go:39: Searching products with query: soa
INFO: 2024/12/07 01:40:45 log.go:39: Searching products with query: soap
INFO: 2024/12/07 01:41:31 log.go:39: Processing sale for product mpesa
INFO: 2024/12/07 01:41:35 log.go:39: Processing sale for product mpesa
INFO: 2024/12/07 01:41:37 log.go:39: Successfully processed sales
INFO: 2024/12/07 01:41:41 log.go:39: Successfully processed sales
INFO: 2024/12/07 01:42:02 log.go:39: Successfully fetched all products
INFO: 2024/12/07 01:42:05 log.go:39: Successfully fetched all products
INFO: 2024/12/07 01:42:09 log.go:39: Successfully fetched sales history
INFO: 2024/12/07 01:42:09 log.go:39: Successfully fetched sales history
INFO: 2024/12/07 01:51:27 log.go:39: Successfully fetched all products
INFO: 2024/12/07 01:51:29 log.go:39: Successfully fetched all products
INFO: 2024/12/07 01:54:51 log.go:39: Successfully fetched sales history
INFO: 2024/12/07 01:54:51 log.go:39: Successfully fetched sales history
INFO: 2024/12/07 01:54:57 log.go:39: Successfully fetched all products
INFO: 2024/12/07 01:55:01 log.go:39: Successfully fetched all products
INFO: 2024/12/07 01:55:15 log.go:39: Successfully fetched sales history
INFO: 2024/12/07 01:55:16 log.go:39: Successfully fetched sales history
INFO: 2024/12/07 01:55:19 log.go:39: Searching products with query: mi
INFO: 2024/12/07 01:56:03 log.go:39: Processing sale for product credit
INFO: 2024/12/07 01:56:06 log.go:39: Successfully processed sales
INFO: 2024/12/07 01:56:59 log.go:39: Successfully fetched sales history
INFO: 2024/12/07 01:56:59 log.go:39: Successfully fetched sales history
INFO: 2024/12/07 01:57:47 log.go:39: Successfully fetched all products
INFO: 2024/12/07 01:57:50 log.go:39: Successfully fetched all products
INFO: 2024/12/07 01:57:59 log.go:39: Successfully fetched sales history
INFO: 2024/12/07 01:57:59 log.go:39: Successfully fetched sales history
INFO: 2024/12/07 01:58:08 log.go:39: Successfully fetched all products
INFO: 2024/12/07 01:58:11 log.go:39: Successfully fetched all products
INFO: 2024/12/07 01:59:10 log.go:39: Successfully fetched sales history
INFO: 2024/12/07 01:59:10 log.go:39: Successfully fetched sales history
INFO: 2024/12/07 01:59:23 log.go:39: Successfully fetched all products
INFO: 2024/12/07 01:59:26 log.go:39: Successfully fetched all products
INFO: 2024/12/07 02:02:54 log.go:39: Successful login for user: cliff@gmail.com
INFO: 2024/12/07 02:03:00 log.go:39: Successfully fetched all products
INFO: 2024/12/07 02:03:03 log.go:39: Successfully fetched all products
INFO: 2024/12/07 02:03:20 log.go:39: Successfully fetched sales history
INFO: 2024/12/07 02:03:20 log.go:39: Successfully fetched sales history
INFO: 2024/12/07 02:03:43 log.go:39: Successfully fetched all products
INFO: 2024/12/07 02:03:46 log.go:39: Successfully fetched all products
INFO: 2024/12/07 14:37:18 log.go:39: Successful login for user: cliff@gmail.com
INFO: 2024/12/07 14:37:31 log.go:39: Successfully fetched sales history
INFO: 2024/12/07 14:37:32 log.go:39: Successfully fetched sales history
INFO: 2024/12/07 14:37:42 log.go:39: Successfully fetched sales history
INFO: 2024/12/07 14:37:48 log.go:39: Successfully fetched all products
INFO: 2024/12/07 14:37:50 log.go:39: Successfully fetched sales history
INFO: 2024/12/07 14:37:51 log.go:39: Successfully fetched all products
INFO: 2024/12/07 15:18:42 log.go:39: Successfully fetched sales history
INFO: 2024/12/07 15:18:42 log.go:39: Successfully fetched sales history
INFO: 2024/12/07 15:21:44 log.go:39: Successfully fetched sales history
INFO: 2024/12/07 15:21:44 log.go:39: Successfully fetched sales history
INFO: 2024/12/07 15:21:52 log.go:39: Successfully fetched all products
INFO: 2024/12/07 15:22:00 log.go:39: Successfully fetched all products
